<?xml version="1.0" encoding="UTF-8"?>
<!-- Generated by org.testng.reporters.JUnitXMLReporter -->
<testsuite ignored="0" hostname="Acer-ALG" failures="4" tests="11" name="BlazeDemo Full Flow Tests" time="46.372" errors="0" timestamp="2025-10-01T22:11:31 IST">
  <testcase classname="com.testframework.ui_tests.FlightSearchTest" name="verifyPageTitle" time="2.252"/>
  <testcase classname="com.testframework.ui_tests.FlightSearchTest" name="findFlightsParisToRome" time="2.587"/>
  <testcase classname="com.testframework.ui_tests.FlightSearchTest" name="findFlightsBostonToLondon" time="3.017"/>
  <testcase classname="com.testframework.ui_tests.FlightSearchTest" name="verifyDestinationOfTheWeekLink" time="4.481"/>
  <testcase classname="com.testframework.ui_tests.FlightResultTest" name="verifyResultsTableHeaders" time="1.342">
    <failure type="java.lang.AssertionError" message="Header &amp;apos;Departs&amp;apos; not found. expected [Departs: Paris] but found [Departs:]">
      <![CDATA[java.lang.AssertionError: Header 'Departs' not found. expected [Departs: Paris] but found [Departs:]
at com.testframework.ui_tests.FlightResultTest.verifyResultsTableHeaders(FlightResultTest.java:17)
at org.springframework.test.context.testng.AbstractTestNGSpringContextTests.run(AbstractTestNGSpringContextTests.java:154)
at java.base/java.util.concurrent.ThreadPoolExecutor.runWorker(ThreadPoolExecutor.java:1144)
at java.base/java.util.concurrent.ThreadPoolExecutor$Worker.run(ThreadPoolExecutor.java:642)
at java.base/java.lang.Thread.run(Thread.java:1583)
... Removed 17 stack frames]]>
    </failure>
  </testcase> <!-- verifyResultsTableHeaders -->
  <testcase classname="com.testframework.ui_tests.FlightResultTest" name="failingTestForScreenshot" time="1.255">
    <failure type="java.lang.AssertionError" message="This test is designed to fail to demonstrate screenshot capture.">
      <![CDATA[java.lang.AssertionError: This test is designed to fail to demonstrate screenshot capture.
at com.testframework.ui_tests.FlightResultTest.failingTestForScreenshot(FlightResultTest.java:31)
at org.springframework.test.context.testng.AbstractTestNGSpringContextTests.run(AbstractTestNGSpringContextTests.java:154)
at java.base/java.util.concurrent.ThreadPoolExecutor.runWorker(ThreadPoolExecutor.java:1144)
at java.base/java.util.concurrent.ThreadPoolExecutor$Worker.run(ThreadPoolExecutor.java:642)
at java.base/java.lang.Thread.run(Thread.java:1583)
... Removed 13 stack frames]]>
    </failure>
  </testcase> <!-- failingTestForScreenshot -->
  <testcase classname="com.testframework.ui_tests.FlightResultTest" name="chooseSpecificFlight" time="5.238">
    <failure type="java.lang.AssertionError" message="Did not land on purchase page for the correct flight. expected [true] but found [false]">
      <![CDATA[java.lang.AssertionError: Did not land on purchase page for the correct flight. expected [true] but found [false]
at com.testframework.ui_tests.FlightResultTest.chooseSpecificFlight(FlightResultTest.java:25)
at org.springframework.test.context.testng.AbstractTestNGSpringContextTests.run(AbstractTestNGSpringContextTests.java:154)
at java.base/java.util.concurrent.ThreadPoolExecutor.runWorker(ThreadPoolExecutor.java:1144)
at java.base/java.util.concurrent.ThreadPoolExecutor$Worker.run(ThreadPoolExecutor.java:642)
at java.base/java.lang.Thread.run(Thread.java:1583)
... Removed 15 stack frames]]>
    </failure>
  </testcase> <!-- chooseSpecificFlight -->
  <testcase classname="com.testframework.ui_tests.PurchaseFlowTest" name="testPurchaseWithEmptyName" time="2.439"/>
  <testcase classname="com.testframework.ui_tests.PurchaseFlowTest" name="completeFlightPurchase" time="3.0"/>
  <testcase classname="com.testframework.ui_tests.PurchaseFlowTest" name="verifyConfirmationDetails" time="1.879"/>
  <testcase classname="com.testframework.ui_tests.PurchaseFlowTest" name="verifyCardYear" time="23.539">
    <failure type="org.openqa.selenium.NoSuchElementException" message="no such element: Unable to locate element: {&amp;quot;method&amp;quot;:&amp;quot;css selector&amp;quot;,&amp;quot;selector&amp;quot;:&amp;quot;#year&amp;quot;}
  (Session info: chrome=140.0.7339.208)
For documentation on this error, please visit: https://www.selenium.dev/documentation/webdriver/troubleshooting/errors#no-such-element-exception
Build info: version: &amp;apos;4.22.0&amp;apos;, revision: &amp;apos;c5f3146703*&amp;apos;
System info: os.name: &amp;apos;Windows 11&amp;apos;, os.arch: &amp;apos;amd64&amp;apos;, os.version: &amp;apos;10.0&amp;apos;, java.version: &amp;apos;21.0.8&amp;apos;
Driver info: org.openqa.selenium.chrome.ChromeDriver
Command: [619dfcb999e72482ed6e1f2a28a3da25, findElement {value=year, using=id}]
Capabilities {acceptInsecureCerts: false, browserName: chrome, browserVersion: 140.0.7339.208, chrome: {chromedriverVersion: 140.0.7339.207 (17230b545fd..., userDataDir: C:\Users\vsbar\AppData\Loca...}, fedcm:accounts: true, goog:chromeOptions: {debuggerAddress: localhost:59017}, networkConnectionEnabled: false, pageLoadStrategy: normal, platformName: windows, proxy: Proxy(), se:cdp: ws://localhost:59017/devtoo..., se:cdpVersion: 140.0.7339.208, setWindowRect: true, strictFileInteractability: false, timeouts: {implicit: 0, pageLoad: 300000, script: 30000}, unhandledPromptBehavior: dismiss and notify, webauthn:extension:credBlob: true, webauthn:extension:largeBlob: true, webauthn:extension:minPinLength: true, webauthn:extension:prf: true, webauthn:virtualAuthenticators: true}
Session ID: 619dfcb999e72482ed6e1f2a28a3da25">
      <![CDATA[org.openqa.selenium.NoSuchElementException: no such element: Unable to locate element: {"method":"css selector","selector":"#year"}
  (Session info: chrome=140.0.7339.208)
For documentation on this error, please visit: https://www.selenium.dev/documentation/webdriver/troubleshooting/errors#no-such-element-exception
Build info: version: '4.22.0', revision: 'c5f3146703*'
System info: os.name: 'Windows 11', os.arch: 'amd64', os.version: '10.0', java.version: '21.0.8'
Driver info: org.openqa.selenium.chrome.ChromeDriver
Command: [619dfcb999e72482ed6e1f2a28a3da25, findElement {value=year, using=id}]
Capabilities {acceptInsecureCerts: false, browserName: chrome, browserVersion: 140.0.7339.208, chrome: {chromedriverVersion: 140.0.7339.207 (17230b545fd..., userDataDir: C:\Users\vsbar\AppData\Loca...}, fedcm:accounts: true, goog:chromeOptions: {debuggerAddress: localhost:59017}, networkConnectionEnabled: false, pageLoadStrategy: normal, platformName: windows, proxy: Proxy(), se:cdp: ws://localhost:59017/devtoo..., se:cdpVersion: 140.0.7339.208, setWindowRect: true, strictFileInteractability: false, timeouts: {implicit: 0, pageLoad: 300000, script: 30000}, unhandledPromptBehavior: dismiss and notify, webauthn:extension:credBlob: true, webauthn:extension:largeBlob: true, webauthn:extension:minPinLength: true, webauthn:extension:prf: true, webauthn:virtualAuthenticators: true}
Session ID: 619dfcb999e72482ed6e1f2a28a3da25
at org.openqa.selenium.remote.ErrorCodec.decode(ErrorCodec.java:167)
at org.openqa.selenium.remote.codec.w3c.W3CHttpResponseCodec.decode(W3CHttpResponseCodec.java:138)
at org.openqa.selenium.remote.codec.w3c.W3CHttpResponseCodec.decode(W3CHttpResponseCodec.java:50)
at org.openqa.selenium.remote.HttpCommandExecutor.execute(HttpCommandExecutor.java:190)
at org.openqa.selenium.remote.service.DriverCommandExecutor.invokeExecute(DriverCommandExecutor.java:216)
at org.openqa.selenium.remote.service.DriverCommandExecutor.execute(DriverCommandExecutor.java:174)
at org.openqa.selenium.remote.RemoteWebDriver.execute(RemoteWebDriver.java:518)
at org.openqa.selenium.remote.ElementLocation$ElementFinder$2.findElement(ElementLocation.java:165)
at org.openqa.selenium.remote.ElementLocation.findElement(ElementLocation.java:66)
at org.openqa.selenium.remote.RemoteWebDriver.findElement(RemoteWebDriver.java:355)
at org.openqa.selenium.remote.RemoteWebDriver.findElement(RemoteWebDriver.java:349)
at com.testframework.ui_tests.PurchaseFlowTest.verifyCardYear(PurchaseFlowTest.java:40)
at org.springframework.test.context.testng.AbstractTestNGSpringContextTests.run(AbstractTestNGSpringContextTests.java:154)
at java.base/java.util.concurrent.ThreadPoolExecutor.runWorker(ThreadPoolExecutor.java:1144)
at java.base/java.util.concurrent.ThreadPoolExecutor$Worker.run(ThreadPoolExecutor.java:642)
at java.base/java.lang.Thread.run(Thread.java:1583)
... Removed 15 stack frames]]>
    </failure>
  </testcase> <!-- verifyCardYear -->
</testsuite> <!-- BlazeDemo Full Flow Tests -->
