<?xml version="1.0" encoding="UTF-8"?>
<!-- Generated by org.testng.reporters.JUnitReportReporter -->
<testsuite hostname="Acer-ALG" failures="1" tests="2" name="com.testframework.ui_tests.BlazeDemoPurchaseTest" time="12.195" errors="0" timestamp="2025-09-30T19:30:59 IST" skipped="0">
  <testcase classname="com.testframework.ui_tests.BlazeDemoPurchaseTest" name="intentionallyFailingTest" time="5.004">
    <failure message="This test is designed to fail to demonstrate screenshot capture." type="java.lang.AssertionError">
      <![CDATA[java.lang.AssertionError: This test is designed to fail to demonstrate screenshot capture.
at org.testng.Assert.fail(Assert.java:111)
at com.testframework.ui_tests.BlazeDemoPurchaseTest.intentionallyFailingTest(BlazeDemoPurchaseTest.java:32)
at java.base/jdk.internal.reflect.DirectMethodHandleAccessor.invoke(DirectMethodHandleAccessor.java:103)
at java.base/java.lang.reflect.Method.invoke(Method.java:580)
at org.testng.internal.invokers.MethodInvocationHelper.invokeMethod(MethodInvocationHelper.java:139)
at org.testng.internal.invokers.TestInvoker.invokeMethod(TestInvoker.java:664)
at org.testng.internal.invokers.TestInvoker.invokeTestMethod(TestInvoker.java:227)
at org.testng.internal.invokers.MethodRunner.runInSequence(MethodRunner.java:50)
at org.testng.internal.invokers.TestInvoker$MethodInvocationAgent.invoke(TestInvoker.java:957)
at org.testng.internal.invokers.TestInvoker.invokeTestMethods(TestInvoker.java:200)
at org.testng.internal.invokers.TestMethodWorker.invokeTestMethods(TestMethodWorker.java:148)
at org.testng.internal.invokers.TestMethodWorker.run(TestMethodWorker.java:128)
at java.base/java.util.concurrent.ThreadPoolExecutor.runWorker(ThreadPoolExecutor.java:1144)
at java.base/java.util.concurrent.ThreadPoolExecutor$Worker.run(ThreadPoolExecutor.java:642)
at java.base/java.lang.Thread.run(Thread.java:1583)
]]>
    </failure>
  </testcase> <!-- intentionallyFailingTest -->
  <testcase classname="com.testframework.ui_tests.BlazeDemoPurchaseTest" name="verifyFlightPurchase" time="7.191"/>
</testsuite> <!-- com.testframework.ui_tests.BlazeDemoPurchaseTest -->
